<?xml version="1.0" encoding="UTF-8"?>
<!-- Generated by org.testng.reporters.JUnitXMLReporter -->
<testsuite hostname="INBLRWHF8M8JX52" ignored="1" name="Test" tests="1" failures="0" timestamp="2021-04-13T16:27:16 IST" time="35.796" errors="0">
  <testcase name="loginPageTitleTest" time="8.608" classname="com.ntt.qa.testcases.LoginTest"/>
  <testcase name="loginTest" time="0.0" classname="com.ntt.qa.testcases.LoginTest">
    <ignored/>
  </testcase> <!-- loginTest -->
</testsuite> <!-- Test -->
