<?xml version="1.0" encoding="UTF-8"?>
<testng-results skipped="0" failed="0" ignored="0" total="1" passed="1">
  <reporter-output>
  </reporter-output>
  <suite name="Default suite" duration-ms="28072" started-at="2021-04-23T19:39:44 IST" finished-at="2021-04-23T19:40:13 IST">
    <groups>
    </groups>
    <test name="Default test" duration-ms="28072" started-at="2021-04-23T19:39:44 IST" finished-at="2021-04-23T19:40:13 IST">
      <class name="com.ntt.qa.tests.LoginTest">
        <test-method status="PASS" signature="setup()[pri:0, instance:com.ntt.qa.tests.LoginTest@2781e022]" name="setup" is-config="true" duration-ms="14035" started-at="2021-04-23T19:39:45 IST" finished-at="2021-04-23T19:39:59 IST">
          <reporter-output>
          </reporter-output>
        </test-method> <!-- setup -->
        <test-method status="PASS" signature="loginTest()[pri:0, instance:com.ntt.qa.tests.LoginTest@2781e022]" name="loginTest" duration-ms="11376" started-at="2021-04-23T19:39:59 IST" finished-at="2021-04-23T19:40:10 IST">
          <reporter-output>
          </reporter-output>
        </test-method> <!-- loginTest -->
        <test-method status="PASS" signature="teardown()[pri:0, instance:com.ntt.qa.tests.LoginTest@2781e022]" name="teardown" is-config="true" duration-ms="2541" started-at="2021-04-23T19:40:10 IST" finished-at="2021-04-23T19:40:13 IST">
          <reporter-output>
          </reporter-output>
        </test-method> <!-- teardown -->
      </class> <!-- com.ntt.qa.tests.LoginTest -->
    </test> <!-- Default test -->
  </suite> <!-- Default suite -->
</testng-results>
